<?xml version="1.0" encoding="UTF-8"?>
<testng-results skipped="0" failed="0" ignored="0" total="1" passed="1">
  <reporter-output>
  </reporter-output>
  <suite name="Default suite" duration-ms="9811" started-at="2019-08-26T04:07:09Z" finished-at="2019-08-26T04:07:19Z">
    <groups>
    </groups>
    <test name="Default test" duration-ms="9811" started-at="2019-08-26T04:07:09Z" finished-at="2019-08-26T04:07:19Z">
      <class name="com.crm.qa.testcases.AdrushyaScripts">
        <test-method status="PASS" signature="CopyFilesUsingReferenceCompressedPics()[pri:0, instance:com.crm.qa.testcases.AdrushyaScripts@1794d431]" name="CopyFilesUsingReferenceCompressedPics" duration-ms="9769" started-at="2019-08-26T09:37:09Z" finished-at="2019-08-26T09:37:19Z">
          <reporter-output>
          </reporter-output>
        </test-method> <!-- CopyFilesUsingReferenceCompressedPics -->
      </class> <!-- com.crm.qa.testcases.AdrushyaScripts -->
    </test> <!-- Default test -->
  </suite> <!-- Default suite -->
</testng-results>
